<?xml version="1.0" encoding="UTF-8"?>
<!-- Generated by org.testng.reporters.JUnitXMLReporter -->
<testsuite hostname="asd" name="Sample Test" tests="2" failures="1" timestamp="20 Apr 2020 20:01:03 GMT" time="0.281" errors="0">
  <testcase name="loginTest" time="0.0" classname="Tests.LoginTest">
    <failure type="java.lang.NullPointerException">
      <![CDATA[java.lang.NullPointerException
	at Tests.LoginTest.loginTest(LoginTest.java:23)
... Removed 24 stack frames]]>
    </failure>
  </testcase> <!-- loginTest -->
  <testcase name="sample" time="0.0" classname="Tests.LoginTest"/>
</testsuite> <!-- Sample Test -->
